<?xml version="1.0" encoding="UTF-8"?>
<testsuite xmlns:xsi="http://www.w3.org/2001/XMLSchema-instance" xsi:noNamespaceSchemaLocation="https://maven.apache.org/surefire/maven-surefire-plugin/xsd/surefire-test-report-3.0.xsd" version="3.0" name="ValidJsonTest" time="0.115" tests="4" errors="0" skipped="0" failures="0">
  <properties>
[...]
</properties>
  <testcase name="testCase001" classname="ValidJsonTest" time="0.062"/>
  <testcase name="testCase002" classname="ValidJsonTest" time="0.004"/>
  <testcase name="testCase003" classname="ValidJsonTest" time="0.003"/>
  <testcase name="testCase004" classname="ValidJsonTest" time="0.006"/>
</testsuite>